<?xml version="1.0" encoding="UTF-8"?>
<!-- Generated by org.testng.reporters.JUnitReportReporter -->
<testsuite skipped="0" hostname="LAPTOP-KGL5HQ6S" name="com.test.AddEmployeeTest" tests="1" failures="0" timestamp="2020-06-02T23:47:25 EDT" time="19.844" errors="0">
  <testcase name="addEmployeePage" time="19.844" classname="com.test.AddEmployeeTest"/>
  <system-out/>
</testsuite> <!-- com.test.AddEmployeeTest -->
