<?xml version="1.0" encoding="UTF-8"?>
<!-- Generated by org.testng.reporters.JUnitReportReporter -->
<testsuite skipped="1" hostname="LAPTOP-KGL5HQ6S" name="com.class04.HW" tests="1" failures="0" timestamp="2020-05-30T00:06:22 EDT" time="0.000" errors="0">
  <testcase name="test" time="0.000" classname="com.class04.HW">
    <skipped/>
  </testcase> <!-- test -->
  <system-out/>
</testsuite> <!-- com.class04.HW -->
