<?xml version="1.0" encoding="UTF-8"?>
<!-- Generated by org.testng.reporters.JUnitReportReporter -->
<testsuite skipped="0" hostname="LAPTOP-KGL5HQ6S" name="com.class04.HW" tests="1" failures="0" timestamp="2020-05-29T20:37:22 EDT" time="27.131" errors="0">
  <testcase name="test" time="27.131" classname="com.class04.HW"/>
  <system-out/>
</testsuite> <!-- com.class04.HW -->
