<?xml version="1.0" encoding="UTF-8"?>
<!-- Generated by org.testng.reporters.JUnitReportReporter -->
<testsuite skipped="0" hostname="LAPTOP-KGL5HQ6S" name="com.class02.AssertionDemo" tests="2" failures="0" timestamp="2020-05-28T20:59:02 EDT" time="31.959" errors="0">
  <testcase name="titleValidation" time="17.318" classname="com.class02.AssertionDemo"/>
  <system-out/>
  <testcase name="logoValidation" time="14.641" classname="com.class02.AssertionDemo"/>
  <system-out/>
</testsuite> <!-- com.class02.AssertionDemo -->
