<?xml version="1.0" encoding="UTF-8"?>
<!-- Generated by org.testng.reporters.JUnitReportReporter -->
<testsuite skipped="0" hostname="LAPTOP-KGL5HQ6S" name="com.test.AddEmployeeTest" tests="1" failures="0" timestamp="2020-05-28T01:27:31 EDT" time="16.866" errors="0">
  <testcase name="addEmployeePage" time="16.866" classname="com.test.AddEmployeeTest"/>
  <system-out/>
</testsuite> <!-- com.test.AddEmployeeTest -->
