<?xml version="1.0" encoding="UTF-8"?>
<!-- Generated by org.testng.reporters.JUnitReportReporter -->
<testsuite skipped="0" hostname="LAPTOP-KGL5HQ6S" name="com.test.LoginTest" tests="3" failures="0" timestamp="2020-05-29T17:28:10 EDT" time="33.018" errors="0">
  <testcase name="emptyUsernameLogin" time="8.942" classname="com.test.LoginTest"/>
  <system-out/>
  <testcase name="invalidPasswordLogin" time="10.296" classname="com.test.LoginTest"/>
  <system-out/>
  <testcase name="validAdminLogin" time="13.780" classname="com.test.LoginTest"/>
  <system-out/>
</testsuite> <!-- com.test.LoginTest -->
