<?xml version="1.0" encoding="UTF-8"?>
<!-- Generated by org.testng.reporters.JUnitReportReporter -->
<testsuite skipped="0" hostname="LAPTOP-KGL5HQ6S" name="com.class03.GroupsDemo" tests="2" failures="0" timestamp="2020-05-28T22:36:14 EDT" time="0.007" errors="0">
  <testcase name="test4" time="0.002" classname="com.class03.GroupsDemo"/>
  <system-out/>
  <testcase name="test2" time="0.005" classname="com.class03.GroupsDemo"/>
  <system-out/>
</testsuite> <!-- com.class03.GroupsDemo -->
