<?xml version="1.0" encoding="UTF-8"?>
<!-- Generated by org.testng.reporters.JUnitReportReporter -->
<testsuite skipped="1" hostname="LAPTOP-KGL5HQ6S" name="com.class02.TaskOne" tests="5" failures="0" timestamp="2020-05-28T20:59:02 EDT" time="0.007" errors="0">
  <testcase name="fourthMethod" time="0.002" classname="com.class02.TaskOne"/>
  <system-out/>
  <testcase name="thirdMethod" time="0.002" classname="com.class02.TaskOne"/>
  <system-out/>
  <testcase name="secondMethod" time="0.002" classname="com.class02.TaskOne"/>
  <system-out/>
  <testcase name="firstMethod" time="0.001" classname="com.class02.TaskOne"/>
  <system-out/>
  <testcase name="firstMethod1" classname="com.class02.TaskOne">
    <skipped/>
  </testcase> <!-- firstMethod1 -->
  <system-out/>
</testsuite> <!-- com.class02.TaskOne -->
