<?xml version="1.0" encoding="UTF-8"?>
<!-- Generated by org.testng.reporters.JUnitReportReporter -->
<testsuite skipped="1" hostname="LAPTOP-KGL5HQ6S" name="com.test.LoginTest" tests="3" failures="0" timestamp="2020-06-02T23:47:25 EDT" time="24.844" errors="0">
  <testcase name="validAdminLogin" time="13.852" classname="com.test.LoginTest"/>
  <system-out/>
  <testcase name="invalidPasswordLogin" time="10.992" classname="com.test.LoginTest"/>
  <system-out/>
  <testcase name="emptyUsernameLogin" classname="com.test.LoginTest">
    <skipped/>
  </testcase> <!-- emptyUsernameLogin -->
  <system-out/>
</testsuite> <!-- com.test.LoginTest -->
